2014/11/26 16:15:36 [trace] [system.db.ar.CActiveRecord] Comment.count()
in /Users/jeniffer/PhpstormProjects/demo/protected/views/comment/index.php (20)
in /Users/jeniffer/PhpstormProjects/demo/protected/controllers/CommentController.php (128)
in /Users/jeniffer/PhpstormProjects/demo/index.php (13)
2014/11/26 16:15:36 [trace] [system.db.CDbConnection] Opening DB connection
in /Users/jeniffer/PhpstormProjects/demo/protected/views/comment/index.php (20)
in /Users/jeniffer/PhpstormProjects/demo/protected/controllers/CommentController.php (128)
in /Users/jeniffer/PhpstormProjects/demo/index.php (13)
2014/11/26 16:15:36 [trace] [system.db.CDbCommand] Querying SQL: SHOW FULL COLUMNS FROM `tbl_comment`
in /Users/jeniffer/PhpstormProjects/demo/protected/views/comment/index.php (20)
in /Users/jeniffer/PhpstormProjects/demo/protected/controllers/CommentController.php (128)
in /Users/jeniffer/PhpstormProjects/demo/index.php (13)
2014/11/26 16:15:36 [trace] [system.db.CDbCommand] Querying SQL: SHOW CREATE TABLE `tbl_comment`
in /Users/jeniffer/PhpstormProjects/demo/protected/views/comment/index.php (20)
in /Users/jeniffer/PhpstormProjects/demo/protected/controllers/CommentController.php (128)
in /Users/jeniffer/PhpstormProjects/demo/index.php (13)
2014/11/26 16:15:36 [trace] [system.db.CDbCommand] Querying SQL: SELECT COUNT(*) FROM `tbl_comment` `t`
in /Users/jeniffer/PhpstormProjects/demo/protected/views/comment/index.php (20)
in /Users/jeniffer/PhpstormProjects/demo/protected/controllers/CommentController.php (128)
in /Users/jeniffer/PhpstormProjects/demo/index.php (13)
2014/11/26 16:15:36 [trace] [system.db.ar.CActiveRecord] Comment.findAll()
in /Users/jeniffer/PhpstormProjects/demo/protected/views/comment/index.php (20)
in /Users/jeniffer/PhpstormProjects/demo/protected/controllers/CommentController.php (128)
in /Users/jeniffer/PhpstormProjects/demo/index.php (13)
2014/11/26 16:15:36 [trace] [system.db.CDbCommand] Querying SQL: SELECT * FROM `tbl_comment` `t` LIMIT 10
in /Users/jeniffer/PhpstormProjects/demo/protected/views/comment/index.php (20)
in /Users/jeniffer/PhpstormProjects/demo/protected/controllers/CommentController.php (128)
in /Users/jeniffer/PhpstormProjects/demo/index.php (13)
2014/11/26 16:28:23 [trace] [system.db.ar.CActiveRecord] Comment.count()
in /Users/jeniffer/PhpstormProjects/demo/protected/views/comment/index.php (20)
in /Users/jeniffer/PhpstormProjects/demo/protected/controllers/CommentController.php (128)
in /Users/jeniffer/PhpstormProjects/demo/index.php (13)
2014/11/26 16:28:23 [trace] [system.db.CDbConnection] Opening DB connection
in /Users/jeniffer/PhpstormProjects/demo/protected/views/comment/index.php (20)
in /Users/jeniffer/PhpstormProjects/demo/protected/controllers/CommentController.php (128)
in /Users/jeniffer/PhpstormProjects/demo/index.php (13)
2014/11/26 16:28:23 [trace] [system.db.CDbCommand] Querying SQL: SHOW FULL COLUMNS FROM `tbl_comment`
in /Users/jeniffer/PhpstormProjects/demo/protected/views/comment/index.php (20)
in /Users/jeniffer/PhpstormProjects/demo/protected/controllers/CommentController.php (128)
in /Users/jeniffer/PhpstormProjects/demo/index.php (13)
2014/11/26 16:28:23 [trace] [system.db.CDbCommand] Querying SQL: SHOW CREATE TABLE `tbl_comment`
in /Users/jeniffer/PhpstormProjects/demo/protected/views/comment/index.php (20)
in /Users/jeniffer/PhpstormProjects/demo/protected/controllers/CommentController.php (128)
in /Users/jeniffer/PhpstormProjects/demo/index.php (13)
2014/11/26 16:28:23 [trace] [system.db.CDbCommand] Querying SQL: SELECT COUNT(*) FROM `tbl_comment` `t`
in /Users/jeniffer/PhpstormProjects/demo/protected/views/comment/index.php (20)
in /Users/jeniffer/PhpstormProjects/demo/protected/controllers/CommentController.php (128)
in /Users/jeniffer/PhpstormProjects/demo/index.php (13)
2014/11/26 16:28:23 [trace] [system.db.ar.CActiveRecord] Comment.findAll()
in /Users/jeniffer/PhpstormProjects/demo/protected/views/comment/index.php (20)
in /Users/jeniffer/PhpstormProjects/demo/protected/controllers/CommentController.php (128)
in /Users/jeniffer/PhpstormProjects/demo/index.php (13)
2014/11/26 16:28:23 [trace] [system.db.CDbCommand] Querying SQL: SELECT * FROM `tbl_comment` `t` LIMIT 10
in /Users/jeniffer/PhpstormProjects/demo/protected/views/comment/index.php (20)
in /Users/jeniffer/PhpstormProjects/demo/protected/controllers/CommentController.php (128)
in /Users/jeniffer/PhpstormProjects/demo/index.php (13)
2014/11/26 16:28:29 [trace] [system.db.ar.CActiveRecord] Comment.count()
in /Users/jeniffer/PhpstormProjects/demo/protected/views/comment/index.php (20)
in /Users/jeniffer/PhpstormProjects/demo/protected/controllers/CommentController.php (128)
in /Users/jeniffer/PhpstormProjects/demo/index.php (13)
2014/11/26 16:28:29 [trace] [system.db.CDbConnection] Opening DB connection
in /Users/jeniffer/PhpstormProjects/demo/protected/views/comment/index.php (20)
in /Users/jeniffer/PhpstormProjects/demo/protected/controllers/CommentController.php (128)
in /Users/jeniffer/PhpstormProjects/demo/index.php (13)
2014/11/26 16:28:29 [trace] [system.db.CDbCommand] Querying SQL: SHOW FULL COLUMNS FROM `tbl_comment`
in /Users/jeniffer/PhpstormProjects/demo/protected/views/comment/index.php (20)
in /Users/jeniffer/PhpstormProjects/demo/protected/controllers/CommentController.php (128)
in /Users/jeniffer/PhpstormProjects/demo/index.php (13)
2014/11/26 16:28:29 [trace] [system.db.CDbCommand] Querying SQL: SHOW CREATE TABLE `tbl_comment`
in /Users/jeniffer/PhpstormProjects/demo/protected/views/comment/index.php (20)
in /Users/jeniffer/PhpstormProjects/demo/protected/controllers/CommentController.php (128)
in /Users/jeniffer/PhpstormProjects/demo/index.php (13)
2014/11/26 16:28:29 [trace] [system.db.CDbCommand] Querying SQL: SELECT COUNT(*) FROM `tbl_comment` `t`
in /Users/jeniffer/PhpstormProjects/demo/protected/views/comment/index.php (20)
in /Users/jeniffer/PhpstormProjects/demo/protected/controllers/CommentController.php (128)
in /Users/jeniffer/PhpstormProjects/demo/index.php (13)
2014/11/26 16:28:29 [trace] [system.db.ar.CActiveRecord] Comment.findAll()
in /Users/jeniffer/PhpstormProjects/demo/protected/views/comment/index.php (20)
in /Users/jeniffer/PhpstormProjects/demo/protected/controllers/CommentController.php (128)
in /Users/jeniffer/PhpstormProjects/demo/index.php (13)
2014/11/26 16:28:29 [trace] [system.db.CDbCommand] Querying SQL: SELECT * FROM `tbl_comment` `t` LIMIT 10
in /Users/jeniffer/PhpstormProjects/demo/protected/views/comment/index.php (20)
in /Users/jeniffer/PhpstormProjects/demo/protected/controllers/CommentController.php (128)
in /Users/jeniffer/PhpstormProjects/demo/index.php (13)
2014/11/26 16:28:59 [trace] [system.db.ar.CActiveRecord] Comment.count()
in /Users/jeniffer/PhpstormProjects/demo/protected/views/comment/index.php (20)
in /Users/jeniffer/PhpstormProjects/demo/protected/controllers/CommentController.php (128)
in /Users/jeniffer/PhpstormProjects/demo/index.php (13)
2014/11/26 16:28:59 [trace] [system.db.CDbConnection] Opening DB connection
in /Users/jeniffer/PhpstormProjects/demo/protected/views/comment/index.php (20)
in /Users/jeniffer/PhpstormProjects/demo/protected/controllers/CommentController.php (128)
in /Users/jeniffer/PhpstormProjects/demo/index.php (13)
2014/11/26 16:28:59 [trace] [system.db.CDbCommand] Querying SQL: SHOW FULL COLUMNS FROM `tbl_comment`
in /Users/jeniffer/PhpstormProjects/demo/protected/views/comment/index.php (20)
in /Users/jeniffer/PhpstormProjects/demo/protected/controllers/CommentController.php (128)
in /Users/jeniffer/PhpstormProjects/demo/index.php (13)
2014/11/26 16:28:59 [trace] [system.db.CDbCommand] Querying SQL: SHOW CREATE TABLE `tbl_comment`
in /Users/jeniffer/PhpstormProjects/demo/protected/views/comment/index.php (20)
in /Users/jeniffer/PhpstormProjects/demo/protected/controllers/CommentController.php (128)
in /Users/jeniffer/PhpstormProjects/demo/index.php (13)
2014/11/26 16:28:59 [trace] [system.db.CDbCommand] Querying SQL: SELECT COUNT(*) FROM `tbl_comment` `t`
in /Users/jeniffer/PhpstormProjects/demo/protected/views/comment/index.php (20)
in /Users/jeniffer/PhpstormProjects/demo/protected/controllers/CommentController.php (128)
in /Users/jeniffer/PhpstormProjects/demo/index.php (13)
2014/11/26 16:28:59 [trace] [system.db.ar.CActiveRecord] Comment.findAll()
in /Users/jeniffer/PhpstormProjects/demo/protected/views/comment/index.php (20)
in /Users/jeniffer/PhpstormProjects/demo/protected/controllers/CommentController.php (128)
in /Users/jeniffer/PhpstormProjects/demo/index.php (13)
2014/11/26 16:28:59 [trace] [system.db.CDbCommand] Querying SQL: SELECT * FROM `tbl_comment` `t` LIMIT 10
in /Users/jeniffer/PhpstormProjects/demo/protected/views/comment/index.php (20)
in /Users/jeniffer/PhpstormProjects/demo/protected/controllers/CommentController.php (128)
in /Users/jeniffer/PhpstormProjects/demo/index.php (13)
